{
  "RSpec": {
    "coverage": {
      "/Users/michael-szczepanski/Documents/Projects/battleships/spec/game_spec.rb": {
        "lines": [
          1,
          null,
          1,
          1,
          1,
          1,
          1,
          1,
          null,
          null,
          null,
          null,
          1,
          1,
          1,
          1,
          1,
          1,
          null,
          null,
          null,
          null,
          1,
          1,
          1,
          1,
          1,
          1,
          1,
          1,
          1,
          null,
          null,
          null,
          1,
          1,
          1,
          1,
          1,
          1,
          1,
          null,
          null,
          null,
          1,
          1,
          1,
          1,
          1,
          1,
          null,
          null,
          null,
          null,
          null
        ]
      },
      "/Users/michael-szczepanski/Documents/Projects/battleships/lib/game.rb": {
        "lines": [
          1,
          null,
          1,
          1,
          null,
          1,
          7,
          7,
          7,
          7,
          null,
          null,
          1,
          null,
          null,
          null,
          3,
          6,
          null,
          3,
          null,
          null,
          1,
          null,
          null,
          7,
          7,
          7,
          null,
          13,
          13,
          13,
          13,
          null,
          7,
          null,
          null,
          1,
          null,
          null,
          null,
          3,
          5,
          5,
          3,
          null,
          null,
          null,
          3,
          null,
          null
        ]
      },
      "/Users/michael-szczepanski/Documents/Projects/battleships/lib/player.rb": {
        "lines": [
          1,
          null,
          1,
          1,
          null,
          1,
          27,
          27,
          27,
          27,
          27,
          27,
          null,
          null,
          1,
          null,
          null,
          17,
          45,
          45,
          null,
          45,
          null,
          null,
          null,
          45,
          90,
          90,
          null,
          45,
          null,
          17,
          null,
          null,
          1,
          null,
          652,
          null,
          null,
          1,
          null,
          null,
          null,
          null,
          3,
          3,
          3,
          3,
          null,
          3,
          11,
          11,
          null,
          null,
          3,
          null,
          3,
          11,
          11,
          null,
          null,
          3,
          null,
          null,
          1,
          null,
          null,
          1,
          1,
          1,
          1,
          0,
          null,
          0,
          null,
          null,
          1,
          null,
          null,
          1,
          1,
          1,
          3,
          3,
          2,
          null,
          0,
          null,
          null,
          1,
          null,
          null,
          null,
          null,
          10,
          null,
          10,
          4,
          null,
          6,
          5,
          null,
          null,
          9,
          null,
          null,
          1,
          null,
          null,
          null,
          10,
          10,
          7,
          null,
          7,
          2,
          null,
          null,
          7,
          null,
          null,
          1,
          null,
          null,
          1,
          1,
          2,
          null,
          1,
          null,
          1,
          null,
          0,
          null,
          null,
          1,
          null,
          null,
          1,
          1,
          null,
          null
        ]
      },
      "/Users/michael-szczepanski/Documents/Projects/battleships/lib/ship.rb": {
        "lines": [
          1,
          1,
          1,
          null,
          1,
          46,
          46,
          46,
          46,
          null,
          null,
          1,
          2,
          null,
          null
        ]
      },
      "/Users/michael-szczepanski/Documents/Projects/battleships/spec/interface_spec.rb": {
        "lines": [
          1,
          null,
          1,
          1,
          1,
          1,
          1,
          1,
          1,
          1,
          1,
          null,
          null,
          1,
          1,
          1,
          1,
          1,
          1,
          1,
          1,
          null,
          null,
          null,
          null,
          1,
          0,
          0,
          0,
          null,
          0,
          0,
          0,
          null,
          0,
          null,
          null,
          0,
          0,
          null,
          null,
          null,
          null
        ]
      },
      "/Users/michael-szczepanski/Documents/Projects/battleships/lib/interface.rb": {
        "lines": [
          1,
          null,
          null,
          null,
          null,
          null,
          null,
          null,
          1,
          1,
          null,
          1,
          2,
          null,
          2,
          null,
          null,
          1,
          2,
          null,
          null,
          1,
          0,
          0,
          0,
          0,
          0,
          null,
          0,
          0,
          0,
          null,
          null,
          0,
          null,
          null,
          0,
          0,
          null,
          0,
          null,
          0,
          null,
          null,
          null,
          0,
          null,
          null,
          null,
          null,
          0,
          0,
          0,
          0,
          null,
          0,
          0,
          0,
          null,
          null,
          0,
          0,
          0,
          0,
          null,
          null,
          null,
          null,
          null,
          1,
          0,
          null,
          null,
          1,
          0,
          0,
          0,
          0,
          null,
          null,
          0,
          null,
          null
        ]
      },
      "/Users/michael-szczepanski/Documents/Projects/battleships/spec/io_handler_spec.rb": {
        "lines": [
          1,
          null,
          1,
          1,
          1,
          1,
          1,
          1,
          null,
          null,
          null,
          1,
          1,
          1,
          1,
          1,
          1,
          1,
          null,
          null,
          null,
          null,
          null
        ]
      },
      "/Users/michael-szczepanski/Documents/Projects/battleships/lib/io_handler.rb": {
        "lines": [
          1,
          null,
          1,
          1,
          null,
          1,
          1,
          1,
          null,
          null,
          1,
          3,
          3,
          2,
          null,
          1,
          1,
          null,
          null,
          null,
          1,
          0,
          0,
          null,
          null,
          1,
          0,
          0,
          0,
          null,
          0,
          0,
          null,
          null,
          null,
          1,
          0,
          0,
          0,
          0,
          null,
          null,
          1,
          0,
          0,
          0,
          0,
          0,
          null,
          0,
          null,
          null,
          null,
          1,
          0,
          null,
          null,
          1,
          0,
          null,
          null,
          1,
          null,
          0,
          0,
          null,
          null,
          null
        ]
      },
      "/Users/michael-szczepanski/Documents/Projects/battleships/spec/player_spec.rb": {
        "lines": [
          1,
          null,
          1,
          1,
          1,
          1,
          1,
          1,
          null,
          null,
          null,
          null,
          1,
          1,
          1,
          1,
          1,
          1,
          null,
          null,
          null,
          null,
          1,
          1,
          1,
          null,
          null,
          null,
          null,
          1,
          1,
          1,
          1,
          null,
          null,
          null,
          null,
          1,
          1,
          1,
          1,
          null,
          null,
          null,
          null,
          1,
          1,
          1,
          1,
          1,
          null,
          null,
          null,
          null,
          1,
          1,
          1,
          1,
          1,
          null,
          1,
          1,
          1,
          null,
          null,
          null,
          null,
          1,
          1,
          1,
          null,
          null,
          null,
          null,
          1,
          1,
          1,
          1,
          null,
          null,
          null,
          null,
          1,
          1,
          1,
          1,
          1,
          1,
          1,
          null,
          null,
          null,
          null,
          null,
          1,
          1,
          1,
          1,
          1,
          1,
          1,
          1,
          1,
          1,
          1,
          null,
          null,
          null,
          null,
          1,
          1,
          1,
          1,
          1,
          1,
          1,
          1,
          1,
          1,
          null,
          null,
          null,
          null,
          null
        ]
      },
      "/Users/michael-szczepanski/Documents/Projects/battleships/spec/ship_spec.rb": {
        "lines": [
          1,
          null,
          1,
          1,
          1,
          1,
          1,
          1,
          null,
          null,
          null,
          null
        ]
      }
    },
    "timestamp": 1682938380
  }
}
